{
  "schemaVersion": 12,
  "meta": {
    "name": "Ember field",
    "createdWith": "particlr@0.x",
    "notes": "Drifting embers rising over warmth; host `intensity` scales emission + size, `glow` tints the fire."
  },
  "duration": 3,
  "looping": true,
  "seed": 61,
  "params": [
    {
      "kind": "scalar",
      "name": "intensity",
      "default": 1,
      "min": 0,
      "max": 2
    },
    {
      "kind": "color",
      "name": "glow",
      "default": {
        "r": 1,
        "g": 1,
        "b": 1,
        "a": 1
      }
    }
  ],
  "layers": [
    {
      "id": "embers",
      "name": "embers",
      "enabled": true,
      "blend": "add",
      "texture": {
        "ref": "spark",
        "frames": null
      },
      "emission": {
        "rateOverTime": {
          "mode": "constant",
          "value": 12
        },
        "rateOverTimeParam": "intensity",
        "rateOverDistance": null,
        "rateOverDistanceParam": null,
        "bursts": [
          {
            "time": 1,
            "count": 3,
            "spread": 0.4,
            "cycles": 2,
            "interval": 1.2,
            "probability": 0.5
          }
        ],
        "delay": 0,
        "prewarm": true,
        "maxParticles": 56
      },
      "shape": {
        "kind": "rect",
        "width": 300,
        "height": 30,
        "emitFrom": "volume"
      },
      "space": "local",
      "inheritVelocity": 0,
      "attractorInfluence": 0,
      "initial": {
        "life": {
          "mode": "range",
          "min": 1.8,
          "max": 2.8
        },
        "lifeParam": null,
        "speed": {
          "mode": "range",
          "min": 15,
          "max": 40
        },
        "speedParam": null,
        "size": {
          "mode": "range",
          "min": 3,
          "max": 6
        },
        "sizeParam": "intensity",
        "rotation": {
          "mode": "range",
          "min": 0,
          "max": 360
        },
        "angularVelocity": {
          "mode": "range",
          "min": -180,
          "max": 180
        }
      },
      "overLifetime": {
        "size": null,
        "color": {
          "keys": [
            {
              "t": 0,
              "r": 1,
              "g": 0.6,
              "b": 0.2,
              "a": 0
            },
            {
              "t": 0.2,
              "r": 1,
              "g": 0.5,
              "b": 0.15,
              "a": 0.9
            },
            {
              "t": 0.7,
              "r": 0.8,
              "g": 0.25,
              "b": 0.05,
              "a": 0.7
            },
            {
              "t": 1,
              "r": 0.4,
              "g": 0.1,
              "b": 0,
              "a": 0
            }
          ]
        },
        "rotation": null,
        "velocity": {
          "gravity": {
            "x": 0,
            "y": -60
          },
          "gravityParam": null,
          "drag": null,
          "speedMultiplier": {
            "mode": "curve",
            "keys": [
              {
                "t": 0,
                "v": 1
              },
              {
                "t": 0.3,
                "v": 1.3
              },
              {
                "t": 0.6,
                "v": 0.7
              },
              {
                "t": 1,
                "v": 1.1
              }
            ]
          },
          "x": null,
          "y": null,
          "orbital": null,
          "radial": null
        }
      },
      "limitVelocity": null,
      "noise": {
        "strength": {
          "mode": "constant",
          "value": 35
        },
        "frequency": 0.008,
        "scrollSpeed": 0.2,
        "octaves": 2
      },
      "wind": null,
      "bySpeed": null,
      "byEmitterSpeed": null,
      "startColor": null,
      "randomFlip": null,
      "tintParam": "glow",
      "opacityParam": null,
      "render": null,
      "dissolve": null,
      "collision": null,
      "killZones": null,
      "attractor": null,
      "subEmitters": null,
      "trail": null
    },
    {
      "id": "heat-glow",
      "name": "heat-glow",
      "enabled": true,
      "blend": "add",
      "texture": {
        "ref": "circle-soft",
        "frames": null
      },
      "emission": {
        "rateOverTime": {
          "mode": "constant",
          "value": 5
        },
        "rateOverTimeParam": null,
        "rateOverDistance": null,
        "rateOverDistanceParam": null,
        "bursts": [],
        "delay": 0,
        "prewarm": true,
        "maxParticles": 16
      },
      "shape": {
        "kind": "rect",
        "width": 300,
        "height": 30,
        "emitFrom": "volume"
      },
      "space": "local",
      "inheritVelocity": 0,
      "attractorInfluence": 0,
      "initial": {
        "life": {
          "mode": "range",
          "min": 1.2,
          "max": 2
        },
        "lifeParam": null,
        "speed": {
          "mode": "range",
          "min": 0,
          "max": 0
        },
        "speedParam": null,
        "size": {
          "mode": "range",
          "min": 30,
          "max": 60
        },
        "sizeParam": null,
        "rotation": {
          "mode": "constant",
          "value": 0
        },
        "angularVelocity": {
          "mode": "constant",
          "value": 0
        }
      },
      "overLifetime": {
        "size": {
          "mode": "curve",
          "keys": [
            {
              "t": 0,
              "v": 0.7,
              "ease": "easeInOut"
            },
            {
              "t": 0.5,
              "v": 1
            },
            {
              "t": 1,
              "v": 0.8
            }
          ]
        },
        "color": {
          "keys": [
            {
              "t": 0,
              "r": 0.9,
              "g": 0.4,
              "b": 0.1,
              "a": 0
            },
            {
              "t": 0.4,
              "r": 1,
              "g": 0.45,
              "b": 0.12,
              "a": 0.15
            },
            {
              "t": 1,
              "r": 0.7,
              "g": 0.25,
              "b": 0.05,
              "a": 0
            }
          ]
        },
        "rotation": null,
        "velocity": {
          "gravity": {
            "x": 0,
            "y": 0
          },
          "gravityParam": null,
          "drag": null,
          "speedMultiplier": null,
          "x": null,
          "y": null,
          "orbital": null,
          "radial": null
        }
      },
      "limitVelocity": null,
      "noise": null,
      "wind": null,
      "bySpeed": null,
      "byEmitterSpeed": null,
      "startColor": null,
      "randomFlip": null,
      "tintParam": "glow",
      "opacityParam": null,
      "render": null,
      "dissolve": null,
      "collision": null,
      "killZones": null,
      "attractor": null,
      "subEmitters": null,
      "trail": null
    }
  ]
}
